#
# A fatal error has been detected by the Java Runtime Environment:
#
#  Internal Error (javaCalls.cpp:51), pid=14180, tid=0x00000000000038b4
#  guarantee(thread->is_Java_thread()) failed: crucial check - the VM thread cannot and must not escape to Java code
#
# JRE version: Java(TM) SE Runtime Environment (8.0_181-b13) (build 1.8.0_181-b13)
# Java VM: Java HotSpot(TM) 64-Bit Server VM (25.181-b13 mixed mode windows-amd64 compressed oops)
# Failed to write core dump. Minidumps are not enabled by default on client versions of Windows
#
# If you would like to submit a bug report, please visit:
#   http://bugreport.java.com/bugreport/crash.jsp
#

---------------  T H R E A D  ---------------

Current thread (0x000000001c177800):  VMThread [stack: 0x000000001d820000,0x000000001d920000] [id=14516]

Stack: [0x000000001d820000,0x000000001d920000]
[error occurred during error reporting (printing stack bounds), id 0xc0000005]

Native frames: (J=compiled Java code, j=interpreted, Vv=VM code, C=native code)

VM_Operation (0x000000001e27f1a0): GetOrSetLocal, mode: safepoint, requested by thread 0x000000001c1ce800


---------------  P R O C E S S  ---------------

Java Threads: ( => current thread )
  0x0000000020282000 JavaThread "pool-2-thread-1" [_thread_blocked, id=220, stack(0x0000000022af0000,0x0000000022bf0000)]
  0x0000000020285800 JavaThread "nioEventLoopGroup-2-1" [_thread_in_native, id=14928, stack(0x00000000229f0000,0x0000000022af0000)]
  0x0000000020286800 JavaThread "ObjectCleanerThread" daemon [_thread_blocked, id=7580, stack(0x00000000228f0000,0x00000000229f0000)]
  0x0000000020280800 JavaThread "main-EventThread" daemon [_thread_blocked, id=15184, stack(0x00000000226f0000,0x00000000227f0000)]
  0x0000000020284000 JavaThread "main-SendThread(127.0.0.1:2181)" daemon [_thread_in_native, id=15196, stack(0x00000000225f0000,0x00000000226f0000)]
  0x000000001e9e1800 JavaThread "RMI TCP Connection(3)-127.0.0.1" daemon [_thread_in_native, id=15004, stack(0x0000000021ef0000,0x0000000021ff0000)]
  0x000000001e9e1000 JavaThread "RMI TCP Connection(4)-127.0.0.1" daemon [_thread_in_native, id=5588, stack(0x0000000021df0000,0x0000000021ef0000)]
  0x000000001ebd4800 JavaThread "RMI Scheduler(0)" daemon [_thread_blocked, id=11404, stack(0x000000001f920000,0x000000001fa20000)]
  0x000000001ebd0000 JavaThread "RMI TCP Connection(idle)" daemon [_thread_blocked, id=5144, stack(0x000000001f820000,0x000000001f920000)]
  0x000000001ebb5000 JavaThread "RMI TCP Connection(1)-127.0.0.1" daemon [_thread_in_native, id=14908, stack(0x000000001f720000,0x000000001f820000)]
  0x000000001eaa3800 JavaThread "RMI TCP Accept-0" daemon [_thread_in_native, id=14144, stack(0x000000001f280000,0x000000001f380000)]
  0x000000001ea35000 JavaThread "RMI TCP Accept-7848" daemon [_thread_in_native, id=1668, stack(0x000000001f180000,0x000000001f280000)]
  0x000000001ea2d000 JavaThread "RMI TCP Accept-0" daemon [_thread_in_native, id=2476, stack(0x000000001f080000,0x000000001f180000)]
  0x000000001de9e800 JavaThread "Service Thread" daemon [_thread_blocked, id=2760, stack(0x000000001e780000,0x000000001e880000)]
  0x000000001de0a000 JavaThread "C1 CompilerThread2" daemon [_thread_blocked, id=5192, stack(0x000000001e680000,0x000000001e780000)]
  0x000000001de06000 JavaThread "C2 CompilerThread1" daemon [_thread_blocked, id=10168, stack(0x000000001e580000,0x000000001e680000)]
  0x000000001de05800 JavaThread "C2 CompilerThread0" daemon [_thread_blocked, id=7880, stack(0x000000001e480000,0x000000001e580000)]
  0x000000001dbe8800 JavaThread "JDWP Command Reader" daemon [_thread_in_native, id=1208, stack(0x000000001e380000,0x000000001e480000)]
  0x000000001dbdf800 JavaThread "JDWP Event Helper Thread" daemon [_thread_blocked, id=8244, stack(0x000000001e280000,0x000000001e380000)]
  0x000000001c1ce800 JavaThread "JDWP Transport Listener: dt_socket" daemon [_thread_blocked, id=3588, stack(0x000000001e180000,0x000000001e280000)]
  0x000000001db8a000 JavaThread "Attach Listener" daemon [_thread_blocked, id=7336, stack(0x000000001e080000,0x000000001e180000)]
  0x000000001db89800 JavaThread "Signal Dispatcher" daemon [_thread_blocked, id=868, stack(0x000000001df80000,0x000000001e080000)]
  0x000000001c19c800 JavaThread "Finalizer" daemon [_thread_blocked, id=8484, stack(0x000000001da20000,0x000000001db20000)]
  0x00000000028fa800 JavaThread "Reference Handler" daemon [_thread_blocked, id=6560, stack(0x000000001d920000,0x000000001da20000)]
  0x0000000002805800 JavaThread "main" [_thread_blocked, id=12408, stack(0x0000000002600000,0x0000000002700000)]

Other Threads:
=>0x000000001c177800 VMThread [stack: 0x000000001d820000,0x000000001d920000] [id=14516]
  0x000000001ea4d800 WatcherThread [stack: 0x000000001f380000,0x000000001f480000] [id=7528]

VM state:at safepoint (normal execution)

VM Mutex/Monitor currently owned by a thread:  ([mutex/lock_event])
[0x0000000002802750] Threads_lock - owner thread: 0x000000001c177800

Heap:
 PSYoungGen      total 76288K, used 20268K [0x000000076ae00000, 0x0000000770300000, 0x00000007c0000000)
  eden space 65536K, 30% used [0x000000076ae00000,0x000000076c1cb090,0x000000076ee00000)
  from space 10752K, 0% used [0x000000076ee00000,0x000000076ee00000,0x000000076f880000)
  to   space 10752K, 0% used [0x000000076f880000,0x000000076f880000,0x0000000770300000)
 ParOldGen       total 88064K, used 8244K [0x00000006c0a00000, 0x00000006c6000000, 0x000000076ae00000)
  object space 88064K, 9% used [0x00000006c0a00000,0x00000006c120d170,0x00000006c6000000)
 Metaspace       used 21899K, capacity 22304K, committed 22656K, reserved 1069056K
  class space    used 2821K, capacity 2932K, committed 2944K, reserved 1048576K

Card table byte_map: [0x0000000011cc0000,0x00000000124c0000] byte_map_base: 0x000000000e6bb000

Marking Bits: (ParMarkBitMap*) 0x00000000651b2d00
 Begin Bits: [0x0000000013020000, 0x0000000016ff8000)
 End Bits:   [0x0000000016ff8000, 0x000000001afd0000)

Polling page: 0x0000000000890000

CodeCache: size=245760Kb used=4922Kb max_used=4922Kb free=240837Kb
 bounds [0x0000000002900000, 0x0000000002dd0000, 0x0000000011900000]
 total_blobs=2570 nmethods=2140 adapters=350
 compilation: enabled

Compilation events (10 events):
Event: 10.626 Thread 0x000000001de0a000 2137       1       org.springframework.boot.autoconfigure.condition.ConditionEvaluationReport::addNoMatchOutcomeToAncestors (130 bytes)
Event: 10.627 Thread 0x000000001de0a000 nmethod 2137 0x0000000002dca450 code [0x0000000002dca6e0, 0x0000000002dcb128]
Event: 10.628 Thread 0x000000001de0a000 2138   !   1       java.util.concurrent.ConcurrentHashMap::replaceNode (416 bytes)
Event: 10.628 Thread 0x000000001de0a000 nmethod 2138 0x0000000002dcba10 code [0x0000000002dcbc60, 0x0000000002dcccc8]
Event: 10.632 Thread 0x000000001de0a000 2139       1       ch.qos.logback.core.pattern.Converter::write (11 bytes)
Event: 10.633 Thread 0x000000001de0a000 nmethod 2139 0x0000000002dce090 code [0x0000000002dce200, 0x0000000002dce378]
Event: 10.633 Thread 0x000000001de0a000 2140       1       java.util.Calendar::isFieldSet (14 bytes)
Event: 10.633 Thread 0x000000001de0a000 nmethod 2140 0x0000000002dce450 code [0x0000000002dce5a0, 0x0000000002dce6b0]
Event: 10.633 Thread 0x000000001de0a000 2142       1       java.util.concurrent.locks.AbstractQueuedSynchronizer::compareAndSetState (13 bytes)
Event: 10.634 Thread 0x000000001de0a000 nmethod 2142 0x0000000002dce890 code [0x0000000002dce9e0, 0x0000000002dceb10]

GC Heap History (8 events):
Event: 0.812 GC heap before
{Heap before GC invocations=1 (full 0):
 PSYoungGen      total 76288K, used 65536K [0x000000076ae00000, 0x0000000770300000, 0x00000007c0000000)
  eden space 65536K, 100% used [0x000000076ae00000,0x000000076ee00000,0x000000076ee00000)
  from space 10752K, 0% used [0x000000076f880000,0x000000076f880000,0x0000000770300000)
  to   space 10752K, 0% used [0x000000076ee00000,0x000000076ee00000,0x000000076f880000)
 ParOldGen       total 175104K, used 0K [0x00000006c0a00000, 0x00000006cb500000, 0x000000076ae00000)
  object space 175104K, 0% used [0x00000006c0a00000,0x00000006c0a00000,0x00000006cb500000)
 Metaspace       used 13539K, capacity 13780K, committed 13952K, reserved 1060864K
  class space    used 1716K, capacity 1796K, committed 1920K, reserved 1048576K
Event: 0.819 GC heap after
Heap after GC invocations=1 (full 0):
 PSYoungGen      total 76288K, used 6460K [0x000000076ae00000, 0x0000000770300000, 0x00000007c0000000)
  eden space 65536K, 0% used [0x000000076ae00000,0x000000076ae00000,0x000000076ee00000)
  from space 10752K, 60% used [0x000000076ee00000,0x000000076f44f260,0x000000076f880000)
  to   space 10752K, 0% used [0x000000076f880000,0x000000076f880000,0x0000000770300000)
 ParOldGen       total 175104K, used 72K [0x00000006c0a00000, 0x00000006cb500000, 0x000000076ae00000)
  object space 175104K, 0% used [0x00000006c0a00000,0x00000006c0a12010,0x00000006cb500000)
 Metaspace       used 13539K, capacity 13780K, committed 13952K, reserved 1060864K
  class space    used 1716K, capacity 1796K, committed 1920K, reserved 1048576K
}
Event: 1.203 GC heap before
{Heap before GC invocations=2 (full 0):
 PSYoungGen      total 76288K, used 71996K [0x000000076ae00000, 0x0000000770300000, 0x00000007c0000000)
  eden space 65536K, 100% used [0x000000076ae00000,0x000000076ee00000,0x000000076ee00000)
  from space 10752K, 60% used [0x000000076ee00000,0x000000076f44f260,0x000000076f880000)
  to   space 10752K, 0% used [0x000000076f880000,0x000000076f880000,0x0000000770300000)
 ParOldGen       total 175104K, used 72K [0x00000006c0a00000, 0x00000006cb500000, 0x000000076ae00000)
  object space 175104K, 0% used [0x00000006c0a00000,0x00000006c0a12010,0x00000006cb500000)
 Metaspace       used 17293K, capacity 17598K, committed 17920K, reserved 1064960K
  class space    used 2222K, capacity 2295K, committed 2304K, reserved 1048576K
Event: 1.210 GC heap after
Heap after GC invocations=2 (full 0):
 PSYoungGen      total 76288K, used 8089K [0x000000076ae00000, 0x0000000774300000, 0x00000007c0000000)
  eden space 65536K, 0% used [0x000000076ae00000,0x000000076ae00000,0x000000076ee00000)
  from space 10752K, 75% used [0x000000076f880000,0x00000007700667f8,0x0000000770300000)
  to   space 10752K, 0% used [0x000000076ee00000,0x000000076ee00000,0x000000076f880000)
 ParOldGen       total 175104K, used 88K [0x00000006c0a00000, 0x00000006cb500000, 0x000000076ae00000)
  object space 175104K, 0% used [0x00000006c0a00000,0x00000006c0a16010,0x00000006cb500000)
 Metaspace       used 17293K, capacity 17598K, committed 17920K, reserved 1064960K
  class space    used 2222K, capacity 2295K, committed 2304K, reserved 1048576K
}
Event: 10.492 GC heap before
{Heap before GC invocations=3 (full 0):
 PSYoungGen      total 76288K, used 49018K [0x000000076ae00000, 0x0000000774300000, 0x00000007c0000000)
  eden space 65536K, 62% used [0x000000076ae00000,0x000000076d5f81e0,0x000000076ee00000)
  from space 10752K, 75% used [0x000000076f880000,0x00000007700667f8,0x0000000770300000)
  to   space 10752K, 0% used [0x000000076ee00000,0x000000076ee00000,0x000000076f880000)
 ParOldGen       total 175104K, used 88K [0x00000006c0a00000, 0x00000006cb500000, 0x000000076ae00000)
  object space 175104K, 0% used [0x00000006c0a00000,0x00000006c0a16010,0x00000006cb500000)
 Metaspace       used 20791K, capacity 21100K, committed 21248K, reserved 1067008K
  class space    used 2682K, capacity 2768K, committed 2816K, reserved 1048576K
Event: 10.499 GC heap after
Heap after GC invocations=3 (full 0):
 PSYoungGen      total 76288K, used 8387K [0x000000076ae00000, 0x0000000770300000, 0x00000007c0000000)
  eden space 65536K, 0% used [0x000000076ae00000,0x000000076ae00000,0x000000076ee00000)
  from space 10752K, 78% used [0x000000076ee00000,0x000000076f630fb0,0x000000076f880000)
  to   space 10752K, 0% used [0x000000076f880000,0x000000076f880000,0x0000000770300000)
 ParOldGen       total 175104K, used 96K [0x00000006c0a00000, 0x00000006cb500000, 0x000000076ae00000)
  object space 175104K, 0% used [0x00000006c0a00000,0x00000006c0a18010,0x00000006cb500000)
 Metaspace       used 20791K, capacity 21100K, committed 21248K, reserved 1067008K
  class space    used 2682K, capacity 2768K, committed 2816K, reserved 1048576K
}
Event: 10.499 GC heap before
{Heap before GC invocations=4 (full 1):
 PSYoungGen      total 76288K, used 8387K [0x000000076ae00000, 0x0000000770300000, 0x00000007c0000000)
  eden space 65536K, 0% used [0x000000076ae00000,0x000000076ae00000,0x000000076ee00000)
  from space 10752K, 78% used [0x000000076ee00000,0x000000076f630fb0,0x000000076f880000)
  to   space 10752K, 0% used [0x000000076f880000,0x000000076f880000,0x0000000770300000)
 ParOldGen       total 175104K, used 96K [0x00000006c0a00000, 0x00000006cb500000, 0x000000076ae00000)
  object space 175104K, 0% used [0x00000006c0a00000,0x00000006c0a18010,0x00000006cb500000)
 Metaspace       used 20791K, capacity 21100K, committed 21248K, reserved 1067008K
  class space    used 2682K, capacity 2768K, committed 2816K, reserved 1048576K
Event: 10.521 GC heap after
Heap after GC invocations=4 (full 1):
 PSYoungGen      total 76288K, used 0K [0x000000076ae00000, 0x0000000770300000, 0x00000007c0000000)
  eden space 65536K, 0% used [0x000000076ae00000,0x000000076ae00000,0x000000076ee00000)
  from space 10752K, 0% used [0x000000076ee00000,0x000000076ee00000,0x000000076f880000)
  to   space 10752K, 0% used [0x000000076f880000,0x000000076f880000,0x0000000770300000)
 ParOldGen       total 88064K, used 8244K [0x00000006c0a00000, 0x00000006c6000000, 0x000000076ae00000)
  object space 88064K, 9% used [0x00000006c0a00000,0x00000006c120d170,0x00000006c6000000)
 Metaspace       used 20791K, capacity 21100K, committed 21248K, reserved 1067008K
  class space    used 2682K, capacity 2768K, committed 2816K, reserved 1048576K
}

Deoptimization events (0 events):
No events

Classes redefined (0 events):
No events

Internal exceptions (10 events):
Event: 10.602 Thread 0x0000000002805800 Exception <a 'java/lang/ClassNotFoundException': org/springframework/boot/autoconfigure/info/ProjectInfoAutoConfiguration$$EnhancerBySpringCGLIB$$6da22fceCustomizer> (0x000000076bce4300) thrown at [C:\re\workspace\8-2-build-windows-amd64-cygwin\jdk8u181\1
Event: 10.602 Thread 0x0000000002805800 Exception <a 'java/lang/ClassNotFoundException': org/springframework/context/annotation/ConfigurationClassEnhancer$EnhancedConfigurationCustomizer> (0x000000076bd05c20) thrown at [C:\re\workspace\8-2-build-windows-amd64-cygwin\jdk8u181\11358\hotspot\src\s
Event: 10.603 Thread 0x0000000002805800 Exception <a 'java/lang/ClassNotFoundException': java/lang/ObjectCustomizer> (0x000000076bd135b0) thrown at [C:\re\workspace\8-2-build-windows-amd64-cygwin\jdk8u181\11358\hotspot\src\share\vm\classfile\systemDictionary.cpp, line 210]
Event: 10.603 Thread 0x0000000002805800 Exception <a 'java/lang/ClassNotFoundException': org/springframework/boot/autoconfigure/web/WebClientAutoConfigurationCustomizer> (0x000000076bd2da98) thrown at [C:\re\workspace\8-2-build-windows-amd64-cygwin\jdk8u181\11358\hotspot\src\share\vm\classfile\
Event: 10.603 Thread 0x0000000002805800 Exception <a 'java/lang/ClassNotFoundException': org/springframework/boot/autoconfigure/web/WebClientAutoConfiguration$$EnhancerBySpringCGLIB$$42474768Customizer> (0x000000076bd4b6c8) thrown at [C:\re\workspace\8-2-build-windows-amd64-cygwin\jdk8u181\1135
Event: 10.604 Thread 0x0000000002805800 Exception <a 'java/lang/ClassNotFoundException': org/springframework/context/annotation/ConfigurationClassEnhancer$EnhancedConfigurationCustomizer> (0x000000076bd6aca8) thrown at [C:\re\workspace\8-2-build-windows-amd64-cygwin\jdk8u181\11358\hotspot\src\s
Event: 10.624 Thread 0x0000000002805800 Exception <a 'java/lang/ArrayIndexOutOfBoundsException'> (0x000000076c0038d0) thrown at [C:\re\workspace\8-2-build-windows-amd64-cygwin\jdk8u181\11358\hotspot\src\share\vm\runtime\sharedRuntime.cpp, line 605]
Event: 10.625 Thread 0x0000000002805800 Exception <a 'java/lang/ArrayIndexOutOfBoundsException'> (0x000000076c014598) thrown at [C:\re\workspace\8-2-build-windows-amd64-cygwin\jdk8u181\11358\hotspot\src\share\vm\runtime\sharedRuntime.cpp, line 605]
Event: 10.625 Thread 0x0000000002805800 Exception <a 'java/lang/ArrayIndexOutOfBoundsException'> (0x000000076c015370) thrown at [C:\re\workspace\8-2-build-windows-amd64-cygwin\jdk8u181\11358\hotspot\src\share\vm\runtime\sharedRuntime.cpp, line 605]
Event: 10.629 Thread 0x0000000002805800 Exception <a 'sun/nio/fs/WindowsException'> (0x000000076c085090) thrown at [C:\re\workspace\8-2-build-windows-amd64-cygwin\jdk8u181\11358\hotspot\src\share\vm\prims\jni.cpp, line 709]

Events (10 events):
Event: 10.632 Thread 0x0000000002805800 DEOPT PACKING pc=0x0000000002adfb0c sp=0x00000000026fde20
Event: 10.632 Thread 0x0000000002805800 DEOPT UNPACKING pc=0x0000000002947890 sp=0x00000000026fdc40 mode 1
Event: 10.633 loading class com/sinjinsong/benchmark/base/client/AbstractClient
Event: 10.633 loading class com/sinjinsong/benchmark/base/client/AbstractClient done
Event: 10.633 Thread 0x0000000020282000 Thread added: 0x0000000020282000
Event: 10.633 Executing VM operation: ForceSafepoint
Event: 10.634 Executing VM operation: ForceSafepoint done
Event: 10.634 Executing VM operation: GetOrSetLocal
Event: 10.635 Executing VM operation: GetOrSetLocal done
Event: 10.641 Executing VM operation: GetOrSetLocal


Dynamic libraries:
0x00007ff63f890000 - 0x00007ff63f8c7000 	C:\Program Files\Java\jdk1.8.0_181\bin\java.exe
0x00007fff0aed0000 - 0x00007fff0b0ab000 	C:\WINDOWS\SYSTEM32\ntdll.dll
0x00007fff08840000 - 0x00007fff088ee000 	C:\WINDOWS\System32\KERNEL32.DLL
0x00007fff07db0000 - 0x00007fff07ff9000 	C:\WINDOWS\System32\KERNELBASE.dll
0x00007fff0adc0000 - 0x00007fff0ae61000 	C:\WINDOWS\System32\ADVAPI32.dll
0x00007fff08650000 - 0x00007fff086ed000 	C:\WINDOWS\System32\msvcrt.dll
0x00007fff088f0000 - 0x00007fff08949000 	C:\WINDOWS\System32\sechost.dll
0x00007fff08c70000 - 0x00007fff08d95000 	C:\WINDOWS\System32\RPCRT4.dll
0x00007fff086f0000 - 0x00007fff0883a000 	C:\WINDOWS\System32\USER32.dll
0x00007fff075e0000 - 0x00007fff075fe000 	C:\WINDOWS\System32\win32u.dll
0x00007fff08c40000 - 0x00007fff08c67000 	C:\WINDOWS\System32\GDI32.dll
0x00007fff08000000 - 0x00007fff08188000 	C:\WINDOWS\System32\gdi32full.dll
0x00007fff07440000 - 0x00007fff074da000 	C:\WINDOWS\System32\msvcp_win.dll
0x00007fff074e0000 - 0x00007fff075d6000 	C:\WINDOWS\System32\ucrtbase.dll
0x00007fff009f0000 - 0x00007fff00c57000 	C:\WINDOWS\WinSxS\amd64_microsoft.windows.common-controls_6595b64144ccf1df_6.0.15063.0_none_108e4f62dfe5d999\COMCTL32.dll
0x00007fff08f60000 - 0x00007fff09259000 	C:\WINDOWS\System32\combase.dll
0x00007fff081f0000 - 0x00007fff0825a000 	C:\WINDOWS\System32\bcryptPrimitives.dll
0x00007fff08c10000 - 0x00007fff08c3d000 	C:\WINDOWS\System32\IMM32.DLL
0x0000000065240000 - 0x0000000065312000 	C:\Program Files\Java\jdk1.8.0_181\jre\bin\msvcr100.dll
0x0000000064990000 - 0x0000000065232000 	C:\Program Files\Java\jdk1.8.0_181\jre\bin\server\jvm.dll
0x00007fff0a740000 - 0x00007fff0a748000 	C:\WINDOWS\System32\PSAPI.DLL
0x00007ffefa500000 - 0x00007ffefa509000 	C:\WINDOWS\SYSTEM32\WSOCK32.dll
0x00007fff085e0000 - 0x00007fff0864c000 	C:\WINDOWS\System32\WS2_32.dll
0x00007fff05700000 - 0x00007fff05723000 	C:\WINDOWS\SYSTEM32\WINMM.dll
0x00007fff02fd0000 - 0x00007fff02fda000 	C:\WINDOWS\SYSTEM32\VERSION.dll
0x00007fff056c0000 - 0x00007fff056eb000 	C:\WINDOWS\SYSTEM32\WINMMBASE.dll
0x00007fff073f0000 - 0x00007fff07439000 	C:\WINDOWS\System32\cfgmgr32.dll
0x00000000661e0000 - 0x00000000661ef000 	C:\Program Files\Java\jdk1.8.0_181\jre\bin\verify.dll
0x00000000661b0000 - 0x00000000661d9000 	C:\Program Files\Java\jdk1.8.0_181\jre\bin\java.dll
0x0000000064950000 - 0x0000000064985000 	C:\Program Files\Java\jdk1.8.0_181\jre\bin\jdwp.dll
0x0000000066020000 - 0x0000000066028000 	C:\Program Files\Java\jdk1.8.0_181\jre\bin\npt.dll
0x0000000066070000 - 0x0000000066093000 	C:\Program Files\Java\jdk1.8.0_181\jre\bin\instrument.dll
0x00000000660a0000 - 0x00000000660b6000 	C:\Program Files\Java\jdk1.8.0_181\jre\bin\zip.dll
0x00007fff09260000 - 0x00007fff0a697000 	C:\WINDOWS\System32\SHELL32.dll
0x00007fff08530000 - 0x00007fff085da000 	C:\WINDOWS\System32\shcore.dll
0x00007fff076b0000 - 0x00007fff07da2000 	C:\WINDOWS\System32\windows.storage.dll
0x00007fff08da0000 - 0x00007fff08df1000 	C:\WINDOWS\System32\shlwapi.dll
0x00007fff073b0000 - 0x00007fff073c1000 	C:\WINDOWS\System32\kernel.appcore.dll
0x00007fff07360000 - 0x00007fff073ac000 	C:\WINDOWS\System32\powrprof.dll
0x00007fff07340000 - 0x00007fff07355000 	C:\WINDOWS\System32\profapi.dll
0x0000000064940000 - 0x0000000064949000 	C:\Program Files\Java\jdk1.8.0_181\jre\bin\dt_socket.dll
0x00007fff06c50000 - 0x00007fff06cac000 	C:\WINDOWS\system32\mswsock.dll
0x00000000661a0000 - 0x00000000661ad000 	C:\Program Files\Java\jdk1.8.0_181\jre\bin\management.dll
0x0000000066050000 - 0x000000006606a000 	C:\Program Files\Java\jdk1.8.0_181\jre\bin\net.dll
0x0000000066030000 - 0x0000000066041000 	C:\Program Files\Java\jdk1.8.0_181\jre\bin\nio.dll
0x00007ffef0340000 - 0x00007ffef0356000 	C:\WINDOWS\system32\napinsp.dll
0x00007ffef0320000 - 0x00007ffef033a000 	C:\WINDOWS\system32\pnrpnsp.dll
0x00007fff04160000 - 0x00007fff04178000 	C:\WINDOWS\system32\NLAapi.dll
0x00007fff06a30000 - 0x00007fff06ad4000 	C:\WINDOWS\SYSTEM32\DNSAPI.dll
0x00007fff08c00000 - 0x00007fff08c08000 	C:\WINDOWS\System32\NSI.dll
0x00007fff069f0000 - 0x00007fff06a27000 	C:\WINDOWS\SYSTEM32\IPHLPAPI.DLL
0x00007ffef4930000 - 0x00007ffef493e000 	C:\WINDOWS\System32\winrnr.dll
0x00007ffeff670000 - 0x00007ffeff67a000 	C:\Windows\System32\rasadhlp.dll
0x00007ffeff250000 - 0x00007ffeff2bb000 	C:\WINDOWS\System32\fwpuclnt.dll
0x00007fff06f00000 - 0x00007fff06f25000 	C:\WINDOWS\SYSTEM32\bcrypt.dll
0x00007fff06df0000 - 0x00007fff06e07000 	C:\WINDOWS\SYSTEM32\CRYPTSP.dll
0x00007fff06870000 - 0x00007fff068a4000 	C:\WINDOWS\system32\rsaenh.dll
0x00007fff07270000 - 0x00007fff07299000 	C:\WINDOWS\SYSTEM32\USERENV.dll
0x00007fff06e10000 - 0x00007fff06e1b000 	C:\WINDOWS\SYSTEM32\CRYPTBASE.dll
0x00007fff02eb0000 - 0x00007fff02ec6000 	C:\WINDOWS\SYSTEM32\dhcpcsvc6.DLL
0x00007fff02c70000 - 0x00007fff02c8a000 	C:\WINDOWS\SYSTEM32\dhcpcsvc.DLL

VM Arguments:
jvm_args: -agentlib:jdwp=transport=dt_socket,address=127.0.0.1:7849,suspend=y,server=n -XX:TieredStopAtLevel=1 -Xverify:none -Dspring.output.ansi.enabled=always -Dcom.sun.management.jmxremote -Dcom.sun.management.jmxremote.port=7848 -Dcom.sun.management.jmxremote.authenticate=false -Dcom.sun.management.jmxremote.ssl=false -Djava.rmi.server.hostname=localhost -Dspring.liveBeansView.mbeanDomain -Dspring.application.admin.enabled=true -javaagent:C:\Users\WIN10~1\AppData\Local\Temp\captureAgent3286jars\debugger-agent.jar=file:/C:/Users/WIN10~1/AppData/Local/Temp/capture.props -Dfile.encoding=UTF-8 
java_command: com.sinjinsong.benchmark.toy.client.BenchmarkToyClient 32 32000 3
java_class_path (initial): C:\Program Files\Java\jdk1.8.0_181\jre\lib\charsets.jar;C:\Program Files\Java\jdk1.8.0_181\jre\lib\deploy.jar;C:\Program Files\Java\jdk1.8.0_181\jre\lib\ext\access-bridge-64.jar;C:\Program Files\Java\jdk1.8.0_181\jre\lib\ext\cldrdata.jar;C:\Program Files\Java\jdk1.8.0_181\jre\lib\ext\dnsns.jar;C:\Program Files\Java\jdk1.8.0_181\jre\lib\ext\jaccess.jar;C:\Program Files\Java\jdk1.8.0_181\jre\lib\ext\jfxrt.jar;C:\Program Files\Java\jdk1.8.0_181\jre\lib\ext\localedata.jar;C:\Program Files\Java\jdk1.8.0_181\jre\lib\ext\nashorn.jar;C:\Program Files\Java\jdk1.8.0_181\jre\lib\ext\sunec.jar;C:\Program Files\Java\jdk1.8.0_181\jre\lib\ext\sunjce_provider.jar;C:\Program Files\Java\jdk1.8.0_181\jre\lib\ext\sunmscapi.jar;C:\Program Files\Java\jdk1.8.0_181\jre\lib\ext\sunpkcs11.jar;C:\Program Files\Java\jdk1.8.0_181\jre\lib\ext\zipfs.jar;C:\Program Files\Java\jdk1.8.0_181\jre\lib\javaws.jar;C:\Program Files\Java\jdk1.8.0_181\jre\lib\jce.jar;C:\Program Files\Java\jdk1.8.0_181\jre\lib\jfr.jar;C:\Program Files\Java\jdk1.8.0_181\jre\lib\jfxswt.jar;C:\Program Files\Java\jdk1.8.0_181\jre\lib\jsse.jar;C:\Program Files\Java\jdk1.8.0_181\jre\lib\management-agent.jar;C:\Program Files\Java\jdk1.8.0_181\jre\lib\plugin.jar;C:\Program Files\Java\jdk1.8.0_181\jre\lib\resources.jar;C:\Program Files\Java\jdk1.8.0_181\jre\lib\rt.jar;D:\idea\toy-rpc\benchmark\toy-rpc-client\target\classes;D:\idea\toy-rpc\benchmark\benchmark-base\target\classes;C:\Users\win 10\.m2\repository\com\opencsv\opencsv\3.10\opencsv-3.10.jar;C:\Users\win 10\.m2\repository\org\apache\commons\commons-lang3\3.5\commons-lang3-3.5.jar;C:\Users\win 10\.m2\repository\commons-beanutils\commons-beanutils\1.9.3\commons-beanutils-1.9.3.jar;C:\Users\win 10\.m2\repository\commons-collections\commons-collections\3.2.2\commons-collections-3.2.2.jar;D:\idea\toy-rpc\toy-rpc-spring-boot-starter\target\classes;D:\idea\toy-rpc\toy-rpc-core\target\classes;C:\Users\win 10\.m2\repository\io\netty\netty-all\4.1.22.Final\
Launcher Type: SUN_STANDARD

Environment Variables:
JAVA_HOME=C:\Program Files\Java\jdk1.8.0_181
PATH=C:\Program Files (x86)\Common Files\Oracle\Java\javapath;C:\WINDOWS\system32;C:\WINDOWS;C:\WINDOWS\System32\Wbem;C:\WINDOWS\System32\WindowsPowerShell\v1.0\;C:\Program Files (x86)\NVIDIA Corporation\PhysX\Common;C:\Program Files\Git\cmd;C:\Program Files\Java\jdk1.8.0_181\bin;C:\Program Files\apache-maven-3.5.4\bin;C:\Program Files\Java\jdk1.8.0_181\jre\bin;C:\Users\win 10\AppData\Local\Microsoft\WindowsApps;;C:\Users\win 10\AppData\Local\Programs\Microsoft VS Code\bin
USERNAME=win 10
OS=Windows_NT
PROCESSOR_IDENTIFIER=Intel64 Family 6 Model 158 Stepping 10, GenuineIntel



---------------  S Y S T E M  ---------------

OS: Windows 10.0 , 64 bit Build 15063 (10.0.15063.296)

CPU:total 6 (initial active 6) (6 cores per cpu, 1 threads per core) family 6 model 158 stepping 10, cmov, cx8, fxsr, mmx, sse, sse2, sse3, ssse3, sse4.1, sse4.2, popcnt, avx, avx2, aes, clmul, erms, 3dnowpref, lzcnt, tsc, tscinvbit, bmi1, bmi2, adx

Memory: 4k page, physical 16734228k(7380916k free), swap 20133512k(5321216k free)

vm_info: Java HotSpot(TM) 64-Bit Server VM (25.181-b13) for windows-amd64 JRE (1.8.0_181-b13), built on Jul  7 2018 04:01:33 by "java_re" with MS VC++ 10.0 (VS2010)

time: Sat Aug 25 00:08:34 2018
elapsed time: 10 seconds (0d 0h 0m 10s)

