#
# A fatal error has been detected by the Java Runtime Environment:
#
#  Internal Error (javaCalls.cpp:51), pid=7536, tid=0x0000000000001cd4
#  guarantee(thread->is_Java_thread()) failed: crucial check - the VM thread cannot and must not escape to Java code
#
# JRE version: Java(TM) SE Runtime Environment (8.0_181-b13) (build 1.8.0_181-b13)
# Java VM: Java HotSpot(TM) 64-Bit Server VM (25.181-b13 mixed mode windows-amd64 compressed oops)
# Failed to write core dump. Minidumps are not enabled by default on client versions of Windows
#
# If you would like to submit a bug report, please visit:
#   http://bugreport.java.com/bugreport/crash.jsp
#

---------------  T H R E A D  ---------------

Current thread (0x000000001d077800):  VMThread [stack: 0x000000001e730000,0x000000001e830000] [id=7380]

Stack: [0x000000001e730000,0x000000001e830000]
[error occurred during error reporting (printing stack bounds), id 0xc0000005]

Native frames: (J=compiled Java code, j=interpreted, Vv=VM code, C=native code)

VM_Operation (0x000000001f18f2d0): GetOrSetLocal, mode: safepoint, requested by thread 0x000000001eaeb000


---------------  P R O C E S S  ---------------

Java Threads: ( => current thread )
  0x000000001ee7c000 JavaThread "RMI TCP Connection(idle)" daemon [_thread_new_trans, id=13664, stack(0x0000000023720000,0x0000000023820000)]
  0x000000001ee78000 JavaThread "pool-1-thread-1" [_thread_blocked, id=15192, stack(0x0000000023620000,0x0000000023720000)]
  0x000000001ee4d800 JavaThread "main-EventThread" daemon [_thread_blocked, id=14412, stack(0x0000000023420000,0x0000000023520000)]
  0x000000001ee4d000 JavaThread "main-SendThread(127.0.0.1:2181)" daemon [_thread_in_Java, id=13120, stack(0x0000000023320000,0x0000000023420000)]
  0x000000001faf2800 JavaThread "RMI Scheduler(0)" daemon [_thread_blocked, id=9340, stack(0x0000000020850000,0x0000000020950000)]
  0x000000001fad0800 JavaThread "RMI TCP Connection(2)-127.0.0.1" daemon [_thread_in_native, id=13056, stack(0x0000000020750000,0x0000000020850000)]
  0x000000001fa99800 JavaThread "RMI TCP Connection(1)-127.0.0.1" daemon [_thread_in_Java, id=7120, stack(0x0000000020650000,0x0000000020750000)]
  0x000000001f944800 JavaThread "RMI TCP Accept-0" daemon [_thread_in_native, id=2832, stack(0x00000000201b0000,0x00000000202b0000)]
  0x000000001f933000 JavaThread "RMI TCP Accept-7793" daemon [_thread_in_native, id=4052, stack(0x00000000200b0000,0x00000000201b0000)]
  0x000000001f92c800 JavaThread "RMI TCP Accept-0" daemon [_thread_in_native, id=13932, stack(0x000000001ffb0000,0x00000000200b0000)]
  0x000000001ed94000 JavaThread "Service Thread" daemon [_thread_blocked, id=12296, stack(0x000000001f690000,0x000000001f790000)]
  0x000000001ed1c800 JavaThread "C1 CompilerThread2" daemon [_thread_blocked, id=15012, stack(0x000000001f590000,0x000000001f690000)]
  0x000000001ed16800 JavaThread "C2 CompilerThread1" daemon [_thread_blocked, id=6908, stack(0x000000001f490000,0x000000001f590000)]
  0x000000001ecf8000 JavaThread "C2 CompilerThread0" daemon [_thread_blocked, id=10472, stack(0x000000001f390000,0x000000001f490000)]
  0x000000001eaf5000 JavaThread "JDWP Command Reader" daemon [_thread_in_native, id=5052, stack(0x000000001f290000,0x000000001f390000)]
  0x000000001eaf3800 JavaThread "JDWP Event Helper Thread" daemon [_thread_blocked, id=13272, stack(0x000000001f190000,0x000000001f290000)]
  0x000000001eaeb000 JavaThread "JDWP Transport Listener: dt_socket" daemon [_thread_blocked, id=6756, stack(0x000000001f090000,0x000000001f190000)]
  0x000000001d0c7800 JavaThread "Attach Listener" daemon [_thread_blocked, id=9616, stack(0x000000001ef90000,0x000000001f090000)]
  0x000000001eae3000 JavaThread "Signal Dispatcher" daemon [_thread_blocked, id=15264, stack(0x000000001ee90000,0x000000001ef90000)]
  0x000000001d0a2800 JavaThread "Finalizer" daemon [_thread_blocked, id=14980, stack(0x000000001e930000,0x000000001ea30000)]
  0x00000000037f9800 JavaThread "Reference Handler" daemon [_thread_blocked, id=3020, stack(0x000000001e830000,0x000000001e930000)]
  0x0000000003705800 JavaThread "main" [_thread_blocked, id=6324, stack(0x00000000030b0000,0x00000000031b0000)]

Other Threads:
=>0x000000001d077800 VMThread [stack: 0x000000001e730000,0x000000001e830000] [id=7380]
  0x000000001f93f000 WatcherThread [stack: 0x00000000202b0000,0x00000000203b0000] [id=11104]

VM state:at safepoint (normal execution)

VM Mutex/Monitor currently owned by a thread:  ([mutex/lock_event])
[0x0000000003702450] Threads_lock - owner thread: 0x000000001d077800

Heap:
 PSYoungGen      total 76288K, used 53206K [0x000000076ae00000, 0x0000000774300000, 0x00000007c0000000)
  eden space 65536K, 68% used [0x000000076ae00000,0x000000076da13c80,0x000000076ee00000)
  from space 10752K, 75% used [0x000000076f880000,0x0000000770061dc0,0x0000000770300000)
  to   space 10752K, 0% used [0x000000076ee00000,0x000000076ee00000,0x000000076f880000)
 ParOldGen       total 175104K, used 96K [0x00000006c0a00000, 0x00000006cb500000, 0x000000076ae00000)
  object space 175104K, 0% used [0x00000006c0a00000,0x00000006c0a18010,0x00000006cb500000)
 Metaspace       used 20027K, capacity 20448K, committed 20608K, reserved 1067008K
  class space    used 2573K, capacity 2676K, committed 2688K, reserved 1048576K

Card table byte_map: [0x0000000012bc0000,0x00000000133c0000] byte_map_base: 0x000000000f5bb000

Marking Bits: (ParMarkBitMap*) 0x00000000651b2d00
 Begin Bits: [0x0000000013f20000, 0x0000000017ef8000)
 End Bits:   [0x0000000017ef8000, 0x000000001bed0000)

Polling page: 0x0000000003500000

CodeCache: size=245760Kb used=4832Kb max_used=4832Kb free=240927Kb
 bounds [0x0000000003800000, 0x0000000003cc0000, 0x0000000012800000]
 total_blobs=2503 nmethods=2091 adapters=331
 compilation: enabled

Compilation events (10 events):
Event: 10.468 Thread 0x000000001ed1c800 2087   !   1       java.util.concurrent.ConcurrentHashMap::replaceNode (416 bytes)
Event: 10.469 Thread 0x000000001ed1c800 nmethod 2087 0x0000000003caa590 code [0x0000000003caa7e0, 0x0000000003cab848]
Event: 10.473 Thread 0x000000001ed1c800 2088       1       java.text.SimpleDateFormat::subFormat (1260 bytes)
Event: 10.477 Thread 0x000000001ed1c800 nmethod 2088 0x0000000003cacd90 code [0x0000000003cad420, 0x0000000003cb15f8]
Event: 10.477 Thread 0x000000001ed1c800 2089       1       java.util.Calendar::getDisplayName (154 bytes)
Event: 10.477 Thread 0x000000001ed1c800 nmethod 2089 0x0000000003cb6f10 code [0x0000000003cb7100, 0x0000000003cb7628]
Event: 10.477 Thread 0x000000001ed1c800 2090       1       ch.qos.logback.classic.spi.CallerData::isInFrameworkSpaceList (47 bytes)
Event: 10.477 Thread 0x000000001ed1c800 nmethod 2090 0x0000000003cb7ad0 code [0x0000000003cb7c60, 0x0000000003cb7e98]
Event: 14.370 Thread 0x000000001ed1c800 2092       1       sun.util.calendar.CalendarDate::isNormalized (5 bytes)
Event: 14.370 Thread 0x000000001ed1c800 nmethod 2092 0x0000000003cb8010 code [0x0000000003cb8160, 0x0000000003cb8270]

GC Heap History (4 events):
Event: 0.825 GC heap before
{Heap before GC invocations=1 (full 0):
 PSYoungGen      total 76288K, used 65536K [0x000000076ae00000, 0x0000000770300000, 0x00000007c0000000)
  eden space 65536K, 100% used [0x000000076ae00000,0x000000076ee00000,0x000000076ee00000)
  from space 10752K, 0% used [0x000000076f880000,0x000000076f880000,0x0000000770300000)
  to   space 10752K, 0% used [0x000000076ee00000,0x000000076ee00000,0x000000076f880000)
 ParOldGen       total 175104K, used 0K [0x00000006c0a00000, 0x00000006cb500000, 0x000000076ae00000)
  object space 175104K, 0% used [0x00000006c0a00000,0x00000006c0a00000,0x00000006cb500000)
 Metaspace       used 13533K, capacity 13780K, committed 13952K, reserved 1060864K
  class space    used 1715K, capacity 1796K, committed 1920K, reserved 1048576K
Event: 0.832 GC heap after
Heap after GC invocations=1 (full 0):
 PSYoungGen      total 76288K, used 6444K [0x000000076ae00000, 0x0000000770300000, 0x00000007c0000000)
  eden space 65536K, 0% used [0x000000076ae00000,0x000000076ae00000,0x000000076ee00000)
  from space 10752K, 59% used [0x000000076ee00000,0x000000076f44b050,0x000000076f880000)
  to   space 10752K, 0% used [0x000000076f880000,0x000000076f880000,0x0000000770300000)
 ParOldGen       total 175104K, used 80K [0x00000006c0a00000, 0x00000006cb500000, 0x000000076ae00000)
  object space 175104K, 0% used [0x00000006c0a00000,0x00000006c0a14010,0x00000006cb500000)
 Metaspace       used 13533K, capacity 13780K, committed 13952K, reserved 1060864K
  class space    used 1715K, capacity 1796K, committed 1920K, reserved 1048576K
}
Event: 1.204 GC heap before
{Heap before GC invocations=2 (full 0):
 PSYoungGen      total 76288K, used 71980K [0x000000076ae00000, 0x0000000770300000, 0x00000007c0000000)
  eden space 65536K, 100% used [0x000000076ae00000,0x000000076ee00000,0x000000076ee00000)
  from space 10752K, 59% used [0x000000076ee00000,0x000000076f44b050,0x000000076f880000)
  to   space 10752K, 0% used [0x000000076f880000,0x000000076f880000,0x0000000770300000)
 ParOldGen       total 175104K, used 80K [0x00000006c0a00000, 0x00000006cb500000, 0x000000076ae00000)
  object space 175104K, 0% used [0x00000006c0a00000,0x00000006c0a14010,0x00000006cb500000)
 Metaspace       used 17292K, capacity 17598K, committed 17920K, reserved 1064960K
  class space    used 2221K, capacity 2295K, committed 2304K, reserved 1048576K
Event: 1.210 GC heap after
Heap after GC invocations=2 (full 0):
 PSYoungGen      total 76288K, used 8071K [0x000000076ae00000, 0x0000000774300000, 0x00000007c0000000)
  eden space 65536K, 0% used [0x000000076ae00000,0x000000076ae00000,0x000000076ee00000)
  from space 10752K, 75% used [0x000000076f880000,0x0000000770061dc0,0x0000000770300000)
  to   space 10752K, 0% used [0x000000076ee00000,0x000000076ee00000,0x000000076f880000)
 ParOldGen       total 175104K, used 96K [0x00000006c0a00000, 0x00000006cb500000, 0x000000076ae00000)
  object space 175104K, 0% used [0x00000006c0a00000,0x00000006c0a18010,0x00000006cb500000)
 Metaspace       used 17292K, capacity 17598K, committed 17920K, reserved 1064960K
  class space    used 2221K, capacity 2295K, committed 2304K, reserved 1048576K
}

Deoptimization events (0 events):
No events

Classes redefined (0 events):
No events

Internal exceptions (10 events):
Event: 10.441 Thread 0x0000000003705800 Exception <a 'java/lang/ClassNotFoundException': org/springframework/boot/autoconfigure/info/ProjectInfoAutoConfiguration$$EnhancerBySpringCGLIB$$715223f7Customizer> (0x000000076d538d38) thrown at [C:\re\workspace\8-2-build-windows-amd64-cygwin\jdk8u181\1
Event: 10.442 Thread 0x0000000003705800 Exception <a 'java/lang/ClassNotFoundException': org/springframework/context/annotation/ConfigurationClassEnhancer$EnhancedConfigurationCustomizer> (0x000000076d55a658) thrown at [C:\re\workspace\8-2-build-windows-amd64-cygwin\jdk8u181\11358\hotspot\src\s
Event: 10.442 Thread 0x0000000003705800 Exception <a 'java/lang/ClassNotFoundException': java/lang/ObjectCustomizer> (0x000000076d567fe8) thrown at [C:\re\workspace\8-2-build-windows-amd64-cygwin\jdk8u181\11358\hotspot\src\share\vm\classfile\systemDictionary.cpp, line 210]
Event: 10.443 Thread 0x0000000003705800 Exception <a 'java/lang/ClassNotFoundException': org/springframework/boot/autoconfigure/web/WebClientAutoConfigurationCustomizer> (0x000000076d5824d0) thrown at [C:\re\workspace\8-2-build-windows-amd64-cygwin\jdk8u181\11358\hotspot\src\share\vm\classfile\
Event: 10.443 Thread 0x0000000003705800 Exception <a 'java/lang/ClassNotFoundException': org/springframework/boot/autoconfigure/web/WebClientAutoConfiguration$$EnhancerBySpringCGLIB$$45f73b91Customizer> (0x000000076d5a0100) thrown at [C:\re\workspace\8-2-build-windows-amd64-cygwin\jdk8u181\1135
Event: 10.444 Thread 0x0000000003705800 Exception <a 'java/lang/ClassNotFoundException': org/springframework/context/annotation/ConfigurationClassEnhancer$EnhancedConfigurationCustomizer> (0x000000076d5bf688) thrown at [C:\re\workspace\8-2-build-windows-amd64-cygwin\jdk8u181\11358\hotspot\src\s
Event: 10.465 Thread 0x0000000003705800 Exception <a 'java/lang/ArrayIndexOutOfBoundsException'> (0x000000076d858490) thrown at [C:\re\workspace\8-2-build-windows-amd64-cygwin\jdk8u181\11358\hotspot\src\share\vm\runtime\sharedRuntime.cpp, line 605]
Event: 10.465 Thread 0x0000000003705800 Exception <a 'java/lang/ArrayIndexOutOfBoundsException'> (0x000000076d869158) thrown at [C:\re\workspace\8-2-build-windows-amd64-cygwin\jdk8u181\11358\hotspot\src\share\vm\runtime\sharedRuntime.cpp, line 605]
Event: 10.465 Thread 0x0000000003705800 Exception <a 'java/lang/ArrayIndexOutOfBoundsException'> (0x000000076d869f30) thrown at [C:\re\workspace\8-2-build-windows-amd64-cygwin\jdk8u181\11358\hotspot\src\share\vm\runtime\sharedRuntime.cpp, line 605]
Event: 10.470 Thread 0x0000000003705800 Exception <a 'sun/nio/fs/WindowsException'> (0x000000076d8da8b0) thrown at [C:\re\workspace\8-2-build-windows-amd64-cygwin\jdk8u181\11358\hotspot\src\share\vm\prims\jni.cpp, line 709]

Events (10 events):
Event: 14.370 Executing VM operation: EnterInterpOnlyMode
Event: 14.370 Executing VM operation: EnterInterpOnlyMode done
Event: 14.370 loading class sun/net/ResourceManager
Event: 14.370 Thread 0x000000001ee7c000 Thread added: 0x000000001ee7c000
Event: 14.370 loading class sun/net/ResourceManager done
Event: 14.370 Executing VM operation: ForceSafepoint
Event: 14.370 Executing VM operation: ForceSafepoint done
Event: 14.371 Executing VM operation: GetOrSetLocal
Event: 14.371 Executing VM operation: GetOrSetLocal done
Event: 14.381 Executing VM operation: GetOrSetLocal


Dynamic libraries:
0x00007ff63f890000 - 0x00007ff63f8c7000 	C:\Program Files\Java\jdk1.8.0_181\bin\java.exe
0x00007fff0aed0000 - 0x00007fff0b0ab000 	C:\WINDOWS\SYSTEM32\ntdll.dll
0x00007fff08840000 - 0x00007fff088ee000 	C:\WINDOWS\System32\KERNEL32.DLL
0x00007fff07db0000 - 0x00007fff07ff9000 	C:\WINDOWS\System32\KERNELBASE.dll
0x00007fff0adc0000 - 0x00007fff0ae61000 	C:\WINDOWS\System32\ADVAPI32.dll
0x00007fff08650000 - 0x00007fff086ed000 	C:\WINDOWS\System32\msvcrt.dll
0x00007fff088f0000 - 0x00007fff08949000 	C:\WINDOWS\System32\sechost.dll
0x00007fff08c70000 - 0x00007fff08d95000 	C:\WINDOWS\System32\RPCRT4.dll
0x00007fff086f0000 - 0x00007fff0883a000 	C:\WINDOWS\System32\USER32.dll
0x00007fff075e0000 - 0x00007fff075fe000 	C:\WINDOWS\System32\win32u.dll
0x00007fff08c40000 - 0x00007fff08c67000 	C:\WINDOWS\System32\GDI32.dll
0x00007fff08000000 - 0x00007fff08188000 	C:\WINDOWS\System32\gdi32full.dll
0x00007fff07440000 - 0x00007fff074da000 	C:\WINDOWS\System32\msvcp_win.dll
0x00007fff074e0000 - 0x00007fff075d6000 	C:\WINDOWS\System32\ucrtbase.dll
0x00007fff009f0000 - 0x00007fff00c57000 	C:\WINDOWS\WinSxS\amd64_microsoft.windows.common-controls_6595b64144ccf1df_6.0.15063.0_none_108e4f62dfe5d999\COMCTL32.dll
0x00007fff08f60000 - 0x00007fff09259000 	C:\WINDOWS\System32\combase.dll
0x00007fff081f0000 - 0x00007fff0825a000 	C:\WINDOWS\System32\bcryptPrimitives.dll
0x00007fff08c10000 - 0x00007fff08c3d000 	C:\WINDOWS\System32\IMM32.DLL
0x0000000065240000 - 0x0000000065312000 	C:\Program Files\Java\jdk1.8.0_181\jre\bin\msvcr100.dll
0x0000000064990000 - 0x0000000065232000 	C:\Program Files\Java\jdk1.8.0_181\jre\bin\server\jvm.dll
0x00007fff0a740000 - 0x00007fff0a748000 	C:\WINDOWS\System32\PSAPI.DLL
0x00007fff02fd0000 - 0x00007fff02fda000 	C:\WINDOWS\SYSTEM32\VERSION.dll
0x00007ffefa500000 - 0x00007ffefa509000 	C:\WINDOWS\SYSTEM32\WSOCK32.dll
0x00007fff05700000 - 0x00007fff05723000 	C:\WINDOWS\SYSTEM32\WINMM.dll
0x00007fff085e0000 - 0x00007fff0864c000 	C:\WINDOWS\System32\WS2_32.dll
0x00007fff056c0000 - 0x00007fff056eb000 	C:\WINDOWS\SYSTEM32\winmmbase.dll
0x00007fff073f0000 - 0x00007fff07439000 	C:\WINDOWS\System32\cfgmgr32.dll
0x00000000661e0000 - 0x00000000661ef000 	C:\Program Files\Java\jdk1.8.0_181\jre\bin\verify.dll
0x00000000661b0000 - 0x00000000661d9000 	C:\Program Files\Java\jdk1.8.0_181\jre\bin\java.dll
0x0000000064950000 - 0x0000000064985000 	C:\Program Files\Java\jdk1.8.0_181\jre\bin\jdwp.dll
0x0000000066090000 - 0x0000000066098000 	C:\Program Files\Java\jdk1.8.0_181\jre\bin\npt.dll
0x0000000064920000 - 0x0000000064943000 	C:\Program Files\Java\jdk1.8.0_181\jre\bin\instrument.dll
0x00000000660a0000 - 0x00000000660b6000 	C:\Program Files\Java\jdk1.8.0_181\jre\bin\zip.dll
0x00007fff09260000 - 0x00007fff0a697000 	C:\WINDOWS\System32\SHELL32.dll
0x00007fff08530000 - 0x00007fff085da000 	C:\WINDOWS\System32\shcore.dll
0x00007fff076b0000 - 0x00007fff07da2000 	C:\WINDOWS\System32\windows.storage.dll
0x00007fff08da0000 - 0x00007fff08df1000 	C:\WINDOWS\System32\shlwapi.dll
0x00007fff073b0000 - 0x00007fff073c1000 	C:\WINDOWS\System32\kernel.appcore.dll
0x00007fff07360000 - 0x00007fff073ac000 	C:\WINDOWS\System32\powrprof.dll
0x00007fff07340000 - 0x00007fff07355000 	C:\WINDOWS\System32\profapi.dll
0x0000000066080000 - 0x0000000066089000 	C:\Program Files\Java\jdk1.8.0_181\jre\bin\dt_socket.dll
0x00007fff06c50000 - 0x00007fff06cac000 	C:\WINDOWS\system32\mswsock.dll
0x00000000661a0000 - 0x00000000661ad000 	C:\Program Files\Java\jdk1.8.0_181\jre\bin\management.dll
0x0000000066050000 - 0x000000006606a000 	C:\Program Files\Java\jdk1.8.0_181\jre\bin\net.dll
0x0000000066030000 - 0x0000000066041000 	C:\Program Files\Java\jdk1.8.0_181\jre\bin\nio.dll
0x00007ffef0340000 - 0x00007ffef0356000 	C:\WINDOWS\system32\napinsp.dll
0x00007ffef0320000 - 0x00007ffef033a000 	C:\WINDOWS\system32\pnrpnsp.dll
0x00007fff04160000 - 0x00007fff04178000 	C:\WINDOWS\system32\NLAapi.dll
0x00007fff06a30000 - 0x00007fff06ad4000 	C:\WINDOWS\SYSTEM32\DNSAPI.dll
0x00007fff08c00000 - 0x00007fff08c08000 	C:\WINDOWS\System32\NSI.dll
0x00007fff069f0000 - 0x00007fff06a27000 	C:\WINDOWS\SYSTEM32\IPHLPAPI.DLL
0x00007ffef4930000 - 0x00007ffef493e000 	C:\WINDOWS\System32\winrnr.dll
0x00007ffeff670000 - 0x00007ffeff67a000 	C:\Windows\System32\rasadhlp.dll
0x00007ffeff250000 - 0x00007ffeff2bb000 	C:\WINDOWS\System32\fwpuclnt.dll
0x00007fff06f00000 - 0x00007fff06f25000 	C:\WINDOWS\SYSTEM32\bcrypt.dll
0x00007fff06df0000 - 0x00007fff06e07000 	C:\WINDOWS\SYSTEM32\CRYPTSP.dll
0x00007fff06870000 - 0x00007fff068a4000 	C:\WINDOWS\system32\rsaenh.dll
0x00007fff07270000 - 0x00007fff07299000 	C:\WINDOWS\SYSTEM32\USERENV.dll
0x00007fff06e10000 - 0x00007fff06e1b000 	C:\WINDOWS\SYSTEM32\CRYPTBASE.dll
0x00007fff02eb0000 - 0x00007fff02ec6000 	C:\WINDOWS\SYSTEM32\dhcpcsvc6.DLL
0x00007fff02c70000 - 0x00007fff02c8a000 	C:\WINDOWS\SYSTEM32\dhcpcsvc.DLL

VM Arguments:
jvm_args: -agentlib:jdwp=transport=dt_socket,address=127.0.0.1:7794,suspend=y,server=n -XX:TieredStopAtLevel=1 -Xverify:none -Dspring.output.ansi.enabled=always -Dcom.sun.management.jmxremote -Dcom.sun.management.jmxremote.port=7793 -Dcom.sun.management.jmxremote.authenticate=false -Dcom.sun.management.jmxremote.ssl=false -Djava.rmi.server.hostname=localhost -Dspring.liveBeansView.mbeanDomain -Dspring.application.admin.enabled=true -javaagent:C:\Users\WIN10~1\AppData\Local\Temp\captureAgent9569jars\debugger-agent.jar=file:/C:/Users/WIN10~1/AppData/Local/Temp/capture.props -Dfile.encoding=UTF-8 
java_command: com.sinjinsong.benchmark.toy.client.BenchmarkToyClient 32 32000 3
java_class_path (initial): C:\Program Files\Java\jdk1.8.0_181\jre\lib\charsets.jar;C:\Program Files\Java\jdk1.8.0_181\jre\lib\deploy.jar;C:\Program Files\Java\jdk1.8.0_181\jre\lib\ext\access-bridge-64.jar;C:\Program Files\Java\jdk1.8.0_181\jre\lib\ext\cldrdata.jar;C:\Program Files\Java\jdk1.8.0_181\jre\lib\ext\dnsns.jar;C:\Program Files\Java\jdk1.8.0_181\jre\lib\ext\jaccess.jar;C:\Program Files\Java\jdk1.8.0_181\jre\lib\ext\jfxrt.jar;C:\Program Files\Java\jdk1.8.0_181\jre\lib\ext\localedata.jar;C:\Program Files\Java\jdk1.8.0_181\jre\lib\ext\nashorn.jar;C:\Program Files\Java\jdk1.8.0_181\jre\lib\ext\sunec.jar;C:\Program Files\Java\jdk1.8.0_181\jre\lib\ext\sunjce_provider.jar;C:\Program Files\Java\jdk1.8.0_181\jre\lib\ext\sunmscapi.jar;C:\Program Files\Java\jdk1.8.0_181\jre\lib\ext\sunpkcs11.jar;C:\Program Files\Java\jdk1.8.0_181\jre\lib\ext\zipfs.jar;C:\Program Files\Java\jdk1.8.0_181\jre\lib\javaws.jar;C:\Program Files\Java\jdk1.8.0_181\jre\lib\jce.jar;C:\Program Files\Java\jdk1.8.0_181\jre\lib\jfr.jar;C:\Program Files\Java\jdk1.8.0_181\jre\lib\jfxswt.jar;C:\Program Files\Java\jdk1.8.0_181\jre\lib\jsse.jar;C:\Program Files\Java\jdk1.8.0_181\jre\lib\management-agent.jar;C:\Program Files\Java\jdk1.8.0_181\jre\lib\plugin.jar;C:\Program Files\Java\jdk1.8.0_181\jre\lib\resources.jar;C:\Program Files\Java\jdk1.8.0_181\jre\lib\rt.jar;D:\idea\toy-rpc\benchmark\toy-rpc-client\target\classes;D:\idea\toy-rpc\benchmark\benchmark-base\target\classes;C:\Users\win 10\.m2\repository\com\opencsv\opencsv\3.10\opencsv-3.10.jar;C:\Users\win 10\.m2\repository\org\apache\commons\commons-lang3\3.5\commons-lang3-3.5.jar;C:\Users\win 10\.m2\repository\commons-beanutils\commons-beanutils\1.9.3\commons-beanutils-1.9.3.jar;C:\Users\win 10\.m2\repository\commons-collections\commons-collections\3.2.2\commons-collections-3.2.2.jar;D:\idea\toy-rpc\toy-rpc-spring-boot-starter\target\classes;D:\idea\toy-rpc\toy-rpc-core\target\classes;C:\Users\win 10\.m2\repository\io\netty\netty-all\4.1.22.Final\
Launcher Type: SUN_STANDARD

Environment Variables:
JAVA_HOME=C:\Program Files\Java\jdk1.8.0_181
PATH=C:\Program Files (x86)\Common Files\Oracle\Java\javapath;C:\WINDOWS\system32;C:\WINDOWS;C:\WINDOWS\System32\Wbem;C:\WINDOWS\System32\WindowsPowerShell\v1.0\;C:\Program Files (x86)\NVIDIA Corporation\PhysX\Common;C:\Program Files\Git\cmd;C:\Program Files\Java\jdk1.8.0_181\bin;C:\Program Files\apache-maven-3.5.4\bin;C:\Program Files\Java\jdk1.8.0_181\jre\bin;C:\Users\win 10\AppData\Local\Microsoft\WindowsApps;;C:\Users\win 10\AppData\Local\Programs\Microsoft VS Code\bin
USERNAME=win 10
OS=Windows_NT
PROCESSOR_IDENTIFIER=Intel64 Family 6 Model 158 Stepping 10, GenuineIntel



---------------  S Y S T E M  ---------------

OS: Windows 10.0 , 64 bit Build 15063 (10.0.15063.296)

CPU:total 6 (initial active 6) (6 cores per cpu, 1 threads per core) family 6 model 158 stepping 10, cmov, cx8, fxsr, mmx, sse, sse2, sse3, ssse3, sse4.1, sse4.2, popcnt, avx, avx2, aes, clmul, erms, 3dnowpref, lzcnt, tsc, tscinvbit, bmi1, bmi2, adx

Memory: 4k page, physical 16734228k(7317104k free), swap 20133512k(5274080k free)

vm_info: Java HotSpot(TM) 64-Bit Server VM (25.181-b13) for windows-amd64 JRE (1.8.0_181-b13), built on Jul  7 2018 04:01:33 by "java_re" with MS VC++ 10.0 (VS2010)

time: Sat Aug 25 00:08:09 2018
elapsed time: 14 seconds (0d 0h 0m 14s)

